<?xml version="1.0" encoding="UTF-8"?>
<!-- Generated by org.testng.reporters.JUnitReportReporter -->
<testsuite skipped="0" hostname="DESKTOP-FPE2EUS" name="com.assigment.TestCases.SecondTestCase" tests="1" failures="0" timestamp="2019-10-31T04:16:29 GMT" time="10.593" errors="0">
  <testcase name="test" time="10.593" classname="com.assigment.TestCases.SecondTestCase"/>
</testsuite> <!-- com.assigment.TestCases.SecondTestCase -->
