<?xml version="1.0" encoding="UTF-8"?>
<!-- Generated by org.testng.reporters.JUnitReportReporter -->
<testsuite skipped="0" hostname="DESKTOP-FPE2EUS" name="com.assigment.TestCases.ThirdTestCase" tests="1" failures="0" timestamp="2019-10-31T17:59:24 GMT" time="20.006" errors="0">
  <testcase name="test" time="20.006" classname="com.assigment.TestCases.ThirdTestCase"/>
</testsuite> <!-- com.assigment.TestCases.ThirdTestCase -->
