<?xml version="1.0" encoding="UTF-8"?>
<!-- Generated by org.testng.reporters.JUnitReportReporter -->
<testsuite skipped="0" hostname="DESKTOP-FPE2EUS" name="com.assigment.TestCases.FirstTestCase" tests="1" failures="0" timestamp="2019-10-30T22:57:19 GMT" time="5.890" errors="0">
  <testcase name="test" time="5.890" classname="com.assigment.TestCases.FirstTestCase"/>
</testsuite> <!-- com.assigment.TestCases.FirstTestCase -->
