<?xml version="1.0" encoding="UTF-8"?>
<!-- Generated by org.testng.reporters.JUnitReportReporter -->
<testsuite hostname="shilpas-MacBook-Pro.local" failures="0" tests="1" name="com.assigment.TestCases.ChemtrailsTest" time="21.935" errors="0" timestamp="2019-10-30T20:25:55 GMT" skipped="0">
  <testcase classname="com.assigment.TestCases.ChemtrailsTest" name="test" time="21.935"/>
</testsuite> <!-- com.assigment.TestCases.ChemtrailsTest -->
